[2019/10/16 9:48:48] 一般信息:成功启动服务器
[2019/10/16 9:48:48] 一般信息:窗口加载成功
[2019/10/16 9:48:48] 一般信息:装配区PLC连接成功
[2019/10/16 9:48:48] 一般信息:检测区PLC连接成功
[2019/10/16 9:48:48] 一般信息:加工区PLC连接成功
[2019/10/16 9:48:56] 警告:AGV连接出错
[2019/10/16 9:49:42] 一般信息:AGV连接成功
[2019/10/16 9:52:00] 一般信息:成功启动服务器
[2019/10/16 9:52:00] 一般信息:窗口加载成功
[2019/10/16 9:52:02] 一般信息:装配区PLC连接成功
[2019/10/16 9:52:02] 一般信息:加工区PLC连接成功
[2019/10/16 9:52:02] 一般信息:检测区PLC连接成功
[2019/10/16 9:52:02] 一般信息:AGV连接成功
[2019/10/16 9:52:13] 一般信息:开启手动操作模式
[2019/10/16 9:52:13] 一般信息:向AGV发送指令：头10003 任务号20001 取货点0 卸货点32 急停信号0
[2019/10/16 9:52:13] 一般信息:AGV已收到消息
[2019/10/16 9:52:36] 警告:AGV连接断开
[2019/10/16 9:52:36] 一般信息:AGV连接成功
[2019/10/16 9:52:49] 一般信息:成功启动服务器
[2019/10/16 9:52:49] 一般信息:窗口加载成功
[2019/10/16 9:52:50] 一般信息:加工区PLC连接成功
[2019/10/16 9:52:50] 一般信息:装配区PLC连接成功
[2019/10/16 9:52:50] 一般信息:检测区PLC连接成功
[2019/10/16 10:02:56] 警告:装配区PLC断开连接
[2019/10/16 10:02:56] 警告:加工区PLC断开连接
[2019/10/16 10:02:56] 警告:检测区PLC断开连接
[2019/10/16 10:02:56] 一般信息:已关闭服务器
[2019/10/16 10:02:56] 一般信息:窗口关闭
