[2019/10/19 9:33:58] 一般信息:成功启动服务器
[2019/10/19 9:33:58] 一般信息:检测区PLC连接成功
[2019/10/19 9:33:58] 一般信息:装配区PLC连接成功
[2019/10/19 9:33:58] 一般信息:加工区PLC连接成功
[2019/10/19 9:33:58] 一般信息:窗口加载成功
[2019/10/19 9:34:06] 一般信息:AGV连接成功
[2019/10/19 9:34:14] 一般信息:重置按钮被按下
立库连接错误
立库连接错误
立库连接错误
立库连接错误
[2019/10/19 10:48:48] 一般信息:开启手动操作模式
[2019/10/19 10:48:48] 一般信息:向AGV发送指令：头10003 任务号20001 取货点23 卸货点11 急停信号0
[2019/10/19 10:48:49] 一般信息:AGV已收到消息
[2019/10/19 10:50:35] 一般信息:AGV取货动作完毕
[2019/10/19 10:52:06] 一般信息:AGV卸货动作完毕
[2019/10/19 10:52:08] 一般信息:开启手动操作模式
[2019/10/19 10:52:08] 一般信息:向AGV发送指令：头10003 任务号20001 取货点0 卸货点13 急停信号0
[2019/10/19 10:52:08] 一般信息:AGV已收到消息
[2019/10/19 10:53:11] 一般信息:AGV取货动作完毕
[2019/10/19 10:54:23] 一般信息:AGV卸货动作完毕
[2019/10/19 11:18:50] 一般信息:开启手动操作模式
[2019/10/19 11:18:50] 一般信息:向AGV发送指令：头10003 任务号20001 取货点23 卸货点0 急停信号0
[2019/10/19 11:18:51] 一般信息:AGV已收到消息
[2019/10/19 11:20:34] 一般信息:AGV取货动作完毕
[2019/10/19 11:22:38] 一般信息:AGV卸货动作完毕
[2019/10/19 11:48:09] 一般信息:开启手动操作模式
[2019/10/19 11:48:09] 一般信息:向AGV发送指令：头10003 任务号20001 取货点25 卸货点20 急停信号0
[2019/10/19 11:48:09] 一般信息:AGV已收到消息
[2019/10/19 11:49:59] 一般信息:AGV取货动作完毕
[2019/10/19 11:50:45] 一般信息:AGV卸货动作完毕
[2019/10/19 11:55:24] 一般信息:开启手动操作模式
[2019/10/19 11:55:24] 一般信息:向AGV发送指令：头10003 任务号20001 取货点29 卸货点32 急停信号0
[2019/10/19 11:55:24] 一般信息:AGV已收到消息
[2019/10/19 11:57:26] 一般信息:AGV取货动作完毕
[2019/10/19 11:58:11] 一般信息:AGV卸货动作完毕
[2019/10/19 12:06:10] 一般信息:开启手动操作模式
[2019/10/19 12:06:10] 一般信息:向AGV发送指令：头10003 任务号20001 取货点29 卸货点32 急停信号0
[2019/10/19 12:06:10] 一般信息:AGV已收到消息
[2019/10/19 12:08:10] 一般信息:AGV取货动作完毕
[2019/10/19 12:08:55] 一般信息:AGV卸货动作完毕
[2019/10/19 12:11:43] 一般信息:开启手动操作模式
[2019/10/19 12:11:43] 一般信息:向AGV发送指令：头10003 任务号20001 取货点0 卸货点18 急停信号0
[2019/10/19 12:11:43] 一般信息:AGV已收到消息
[2019/10/19 12:12:22] 一般信息:AGV取货动作完毕
[2019/10/19 12:13:58] 一般信息:AGV卸货动作完毕
[2019/10/19 12:14:08] 一般信息:开启手动操作模式
[2019/10/19 12:14:08] 一般信息:向AGV发送指令：头10003 任务号20001 取货点23 卸货点0 急停信号0
[2019/10/19 12:14:08] 一般信息:AGV已收到消息
[2019/10/19 12:15:43] 一般信息:AGV取货动作完毕
[2019/10/19 12:17:46] 一般信息:AGV卸货动作完毕
[2019/10/19 12:25:16] 一般信息:开启手动操作模式
[2019/10/19 12:25:16] 一般信息:向AGV发送指令：头10003 任务号20001 取货点29 卸货点32 急停信号0
[2019/10/19 12:25:16] 一般信息:AGV已收到消息
[2019/10/19 12:27:15] 一般信息:AGV取货动作完毕
[2019/10/19 12:28:00] 一般信息:AGV卸货动作完毕
[2019/10/19 13:23:01] 一般信息:开启手动操作模式
[2019/10/19 13:23:01] 一般信息:向AGV发送指令：头10003 任务号20001 取货点18 卸货点6 急停信号0
[2019/10/19 13:23:01] 一般信息:AGV已收到消息
[2019/10/19 13:24:23] 一般信息:AGV取货动作完毕
[2019/10/19 13:25:52] 一般信息:AGV卸货动作完毕
[2019/10/19 14:02:34] 一般信息:开启手动操作模式
[2019/10/19 14:02:34] 一般信息:向AGV发送指令：头10003 任务号20001 取货点6 卸货点6 急停信号0
[2019/10/19 14:02:34] 一般信息:AGV已收到消息
[2019/10/19 14:03:18] 一般信息:AGV取货动作完毕
[2019/10/19 14:03:23] 一般信息:AGV卸货动作完毕
[2019/10/19 14:04:03] 一般信息:开启手动操作模式
[2019/10/19 14:04:03] 一般信息:向AGV发送指令：头10003 任务号20001 取货点6 卸货点6 急停信号0
[2019/10/19 14:04:03] 一般信息:AGV已收到消息
[2019/10/19 14:04:48] 一般信息:AGV取货动作完毕
[2019/10/19 14:04:53] 一般信息:AGV卸货动作完毕
[2019/10/19 14:05:28] 一般信息:开启手动操作模式
[2019/10/19 14:05:28] 一般信息:向AGV发送指令：头10003 任务号20001 取货点6 卸货点13 急停信号0
[2019/10/19 14:05:29] 一般信息:AGV已收到消息
[2019/10/19 14:06:12] 一般信息:AGV取货动作完毕
[2019/10/19 14:07:17] 一般信息:AGV卸货动作完毕
[2019/10/19 14:07:26] 一般信息:开启手动操作模式
[2019/10/19 14:07:26] 一般信息:向AGV发送指令：头10003 任务号20001 取货点0 卸货点6 急停信号0
[2019/10/19 14:07:26] 一般信息:AGV已收到消息
[2019/10/19 14:08:22] 一般信息:AGV取货动作完毕
[2019/10/19 14:09:09] 一般信息:AGV卸货动作完毕
[2019/10/19 14:24:57] 一般信息:开启手动操作模式
[2019/10/19 14:24:57] 一般信息:向AGV发送指令：头10003 任务号20001 取货点13 卸货点18 急停信号0
[2019/10/19 14:24:57] 一般信息:AGV已收到消息
[2019/10/19 14:30:07] 警告:AGV连接断开
[2019/10/19 14:30:09] 一般信息:重置按钮被按下
[2019/10/19 14:30:10] 一般信息:AGV连接成功
[2019/10/19 14:30:19] 一般信息:开启手动操作模式
[2019/10/19 14:30:19] 一般信息:向AGV发送指令：头10003 任务号20001 取货点13 卸货点18 急停信号0
[2019/10/19 14:30:19] 一般信息:AGV已收到消息
[2019/10/19 14:31:23] 一般信息:AGV取货动作完毕
[2019/10/19 14:32:18] 一般信息:AGV卸货动作完毕
[2019/10/19 14:32:50] 一般信息:开启手动操作模式
[2019/10/19 14:32:50] 一般信息:向AGV发送指令：头10003 任务号20001 取货点11 卸货点32 急停信号0
[2019/10/19 14:32:50] 一般信息:AGV已收到消息
[2019/10/19 14:33:54] 一般信息:AGV取货动作完毕
[2019/10/19 14:35:47] 一般信息:AGV卸货动作完毕
[2019/10/19 14:40:44] 警告:AGV连接断开
[2019/10/19 14:40:57] 警告:装配区PLC断开连接
[2019/10/19 14:40:57] 警告:检测区PLC断开连接
[2019/10/19 14:40:57] 警告:加工区PLC断开连接
[2019/10/19 14:40:57] 一般信息:已关闭服务器
[2019/10/19 14:40:57] 一般信息:窗口关闭
