[2019/10/18 14:50:52] 一般信息:成功启动服务器
[2019/10/18 14:50:52] 一般信息:窗口加载成功
[2019/10/18 14:50:53] 一般信息:装配区PLC连接成功
[2019/10/18 14:50:53] 一般信息:加工区PLC连接成功
[2019/10/18 14:50:53] 一般信息:检测区PLC连接成功
[2019/10/18 14:50:54] 警告:装配区PLC断开连接
[2019/10/18 14:50:54] 警告:加工区PLC断开连接
[2019/10/18 14:50:54] 一般信息:已关闭服务器
[2019/10/18 14:50:54] 警告:检测区PLC断开连接
[2019/10/18 14:50:54] 一般信息:窗口关闭
[2019/10/18 14:51:12] 一般信息:成功启动服务器
[2019/10/18 14:51:12] 一般信息:窗口加载成功
[2019/10/18 14:51:12] 一般信息:装配区PLC连接成功
[2019/10/18 14:51:12] 一般信息:检测区PLC连接成功
[2019/10/18 14:51:12] 一般信息:加工区PLC连接成功
[2019/10/18 14:51:14] 一般信息:AGV连接成功
[2019/10/18 15:08:42] 警告:检测区PLC断开连接
[2019/10/18 15:08:48] 一般信息:检测区PLC连接成功
[2019/10/18 15:35:54] 一般信息:开启手动操作模式
[2019/10/18 15:35:54] 一般信息:向AGV发送指令：头10003 任务号20001 取货点25 卸货点0 急停信号0
[2019/10/18 15:35:54] 一般信息:AGV已收到消息
[2019/10/18 15:37:40] 一般信息:AGV取货动作完毕
[2019/10/18 15:39:48] 一般信息:AGV卸货动作完毕
[2019/10/18 15:41:32] 警告:AGV连接断开
[2019/10/18 15:41:47] 警告:加工区PLC断开连接
[2019/10/18 15:41:47] 警告:装配区PLC断开连接
[2019/10/18 15:41:47] 警告:检测区PLC断开连接
[2019/10/18 15:41:47] 一般信息:已关闭服务器
[2019/10/18 15:41:47] 一般信息:窗口关闭
