[2019/10/18 14:09:07] 一般信息:成功启动服务器
[2019/10/18 14:09:07] 一般信息:窗口加载成功
[2019/10/18 14:09:09] 一般信息:已关闭服务器
[2019/10/18 14:09:09] 一般信息:窗口关闭
[2019/10/18 14:43:54] 一般信息:成功启动服务器
[2019/10/18 14:43:54] 一般信息:窗口加载成功
[2019/10/18 14:45:25] 一般信息:已关闭服务器
[2019/10/18 14:45:25] 一般信息:窗口关闭
[2019/10/18 14:46:30] 一般信息:成功启动服务器
[2019/10/18 14:46:30] 一般信息:窗口加载成功
[2019/10/18 14:46:42] 一般信息:已关闭服务器
[2019/10/18 14:46:42] 一般信息:窗口关闭
[2019/10/18 14:46:51] 一般信息:成功启动服务器
[2019/10/18 14:46:51] 一般信息:窗口加载成功
[2019/10/18 14:47:09] 一般信息:已关闭服务器
[2019/10/18 14:47:09] 一般信息:窗口关闭
[2019/10/18 14:49:39] 一般信息:成功启动服务器
[2019/10/18 14:49:39] 一般信息:窗口加载成功
[2019/10/18 14:49:55] 一般信息:已关闭服务器
[2019/10/18 14:49:55] 一般信息:窗口关闭
[2019/10/18 14:49:14] 一般信息:成功启动服务器
[2019/10/18 14:49:14] 一般信息:窗口加载成功
[2019/10/18 14:49:15] 一般信息:加工区PLC连接成功
[2019/10/18 14:49:15] 一般信息:检测区PLC连接成功
[2019/10/18 14:49:15] 一般信息:装配区PLC连接成功
[2019/10/18 14:50:08] 一般信息:AGV连接成功
[2019/10/18 14:50:17] 一般信息:已关闭服务器
[2019/10/18 14:50:17] 警告:加工区PLC断开连接
[2019/10/18 14:50:17] 警告:检测区PLC断开连接
[2019/10/18 14:50:17] 警告:装配区PLC断开连接
[2019/10/18 14:50:20] 警告:AGV连接断开
[2019/10/18 14:50:20] 一般信息:窗口关闭
