
[2019/10/17 9:29:01] 警告:AGV连接出错
[2019/10/17 9:29:01] 警告:AGV连接出错
[2019/10/17 9:29:01] 警告:AGV连接出错
[2019/10/17 9:29:05] 一般信息:已关闭服务器
[2019/10/17 9:29:05] 警告:检测区PLC断开连接
[2019/10/17 9:29:05] 警告:装配区PLC断开连接
[2019/10/17 9:29:05] 警告:加工区PLC断开连接
[2019/10/17 9:29:05] 一般信息:窗口关闭
[2019/10/17 9:29:11] 一般信息:成功启动服务器
[2019/10/17 9:29:11] 一般信息:窗口加载成功
[2019/10/17 9:29:11] 一般信息:加工区PLC连接成功
[2019/10/17 9:29:11] 一般信息:装配区PLC连接成功
[2019/10/17 9:29:11] 一般信息:检测区PLC连接成功
[2019/10/17 9:29:13] 警告:AGV连接出错
立库连接错误
立库连接错误
立库连接错误
立库连接错误
[2019/10/17 9:30:06] 一般信息:已关闭服务器
[2019/10/17 9:30:06] 警告:装配区PLC断开连接
[2019/10/17 9:30:06] 警告:加工区PLC断开连接
[2019/10/17 9:30:06] 警告:检测区PLC断开连接
[2019/10/17 9:30:06] 一般信息:窗口关闭
[2019/10/17 9:30:13] 一般信息:成功启动服务器
[2019/10/17 9:30:13] 一般信息:窗口加载成功
[2019/10/17 9:30:14] 一般信息:加工区PLC连接成功
[2019/10/17 9:30:14] 一般信息:装配区PLC连接成功
[2019/10/17 9:30:14] 一般信息:检测区PLC连接成功
[2019/10/17 9:30:23] 警告:AGV连接出错
[2019/10/17 9:30:26] 警告:AGV连接出错
[2019/10/17 9:30:26] 警告:AGV连接出错
[2019/10/17 9:30:28] 一般信息:已关闭服务器
[2019/10/17 9:30:28] 警告:检测区PLC断开连接
[2019/10/17 9:30:28] 警告:加工区PLC断开连接
[2019/10/17 9:30:28] 一般信息:窗口关闭
[2019/10/17 9:30:28] 警告:装配区PLC断开连接
[2019/10/17 9:31:11] 一般信息:成功启动服务器
[2019/10/17 9:31:11] 一般信息:窗口加载成功
[2019/10/17 9:31:12] 一般信息:装配区PLC连接成功
[2019/10/17 9:31:12] 一般信息:加工区PLC连接成功
[2019/10/17 9:31:12] 一般信息:检测区PLC连接成功
[2019/10/17 9:31:15] 一般信息:立库连接成功
[2019/10/17 9:31:20] 警告:立库连接断开
[2019/10/17 9:31:21] 一般信息:立库连接成功
[2019/10/17 9:31:42] 警告:立库连接断开
[2019/10/17 9:32:09] 警告:AGV连接出错
[2019/10/17 9:32:28] 一般信息:AGV连接成功
[2019/10/17 9:32:28] 一般信息:AGV连接成功
[2019/10/17 9:48:25] 警告:检测区PLC断开连接
[2019/10/17 9:48:57] 一般信息:检测区PLC连接成功
[2019/10/17 10:29:51] 警告:AGV连接断开
[2019/10/17 10:29:54] 警告:AGV连接断开
[2019/10/17 10:53:20] 一般信息:AGV连接成功
[2019/10/17 10:53:24] 警告:AGV连接断开
[2019/10/17 10:53:24] 一般信息:AGV连接成功
[2019/10/17 10:53:24] 一般信息:AGV连接成功
[2019/10/17 10:53:24] 一般信息:AGV连接成功
[2019/10/17 10:53:27] 警告:AGV连接断开
[2019/10/17 10:53:30] 警告:AGV连接断开
[2019/10/17 10:53:37] 一般信息:AGV连接成功
[2019/10/17 10:53:40] 警告:AGV连接断开
[2019/10/17 11:24:45] 一般信息:立库连接成功
[2019/10/17 11:24:49] 警告:立库连接断开
[2019/10/17 11:24:51] 一般信息:立库连接成功
[2019/10/17 11:24:52] 一般信息:AGV连接成功
[2019/10/17 11:24:54] 一般信息:重置按钮被按下
[2019/10/17 11:24:55] 警告:AGV连接断开
[2019/10/17 11:25:03] 一般信息:下检测订单3
[2019/10/17 11:25:12] 一般信息:AGV连接成功
[2019/10/17 11:25:15] 警告:AGV连接断开
[2019/10/17 11:25:24] 一般信息:AGV连接成功
[2019/10/17 11:25:27] 警告:AGV连接断开
[2019/10/17 11:25:31] 一般信息:AGV连接成功
[2019/10/17 11:25:34] 警告:AGV连接断开
[2019/10/17 11:26:37] 一般信息:AGV连接成功
[2019/10/17 11:26:40] 警告:AGV连接断开
[2019/10/17 11:26:42] 一般信息:AGV连接成功
[2019/10/17 11:26:45] 警告:AGV连接断开
[2019/10/17 11:26:55] 一般信息:AGV连接成功
[2019/10/17 11:26:58] 警告:AGV连接断开
[2019/10/17 11:27:33] 一般信息:AGV连接成功
[2019/10/17 11:27:42] 一般信息:向立库插入检测订单
[2019/10/17 11:27:45] 一般信息:向立库发送指令：头10003 流水号1036 库位号1 托盘ID3
[2019/10/17 11:27:45] 一般信息:已收到出库指令
[2019/10/17 11:29:39] 一般信息:已出库
[2019/10/17 11:29:45] 一般信息:向AGV发送指令：头10003 任务号1022 取货点29 卸货点0 急停信号0
[2019/10/17 11:29:45] 一般信息:AGV已收到消息
[2019/10/17 11:34:22] 一般信息:立库出库区处取货完毕
[2019/10/17 11:36:42] 一般信息:检测区1处卸货完毕
[2019/10/17 11:36:48] 一般信息:向立库发送指令：头10003 流水号1037 库位号4 托盘ID3
[2019/10/17 11:36:48] 一般信息:已收到出库指令
[2019/10/17 11:39:39] 一般信息:已出库
[2019/10/17 11:39:45] 一般信息:向AGV发送指令：头10003 任务号1023 取货点29 卸货点6 急停信号0
[2019/10/17 11:39:45] 一般信息:AGV已收到消息
[2019/10/17 11:41:47] 一般信息:立库出库区处取货完毕
[2019/10/17 11:43:59] 一般信息:检测区2处卸货完毕
[2019/10/17 11:57:01] 一般信息:向AGV发送指令：头10003 任务号1024 取货点0 卸货点32 急停信号0
[2019/10/17 11:57:01] 一般信息:AGV已收到消息
[2019/10/17 11:57:38] 一般信息:检测区1处取货完毕
[2019/10/17 11:57:38] 一般信息:向AGV发送指令：头10012 任务号0 取货点0 卸货点0 急停信号6
[2019/10/17 12:00:08] 一般信息:立库入库区处卸货完毕
[2019/10/17 12:00:10] 一般信息:向AGV发送指令：头10003 任务号1025 取货点6 卸货点32 急停信号0
[2019/10/17 12:00:10] 一般信息:AGV已收到消息
[2019/10/17 12:00:13] 一般信息:向立库发送指令：头20003 流水号1038 库位号1 托盘ID4
[2019/10/17 12:00:13] 一般信息:已收到入库指令
[2019/10/17 12:02:02] 一般信息:已入库
[2019/10/17 12:02:07] 一般信息:向立库发送指令：头10003 流水号1039 库位号7 托盘ID3
[2019/10/17 12:02:07] 一般信息:已收到出库指令
[2019/10/17 12:02:08] 一般信息:检测区2处取货完毕
[2019/10/17 12:02:08] 一般信息:向AGV发送指令：头10012 任务号0 取货点0 卸货点0 急停信号6
[2019/10/17 12:04:26] 一般信息:立库入库区处卸货完毕
[2019/10/17 12:04:30] 一般信息:已出库
[2019/10/17 12:04:31] 一般信息:向立库发送指令：头20003 流水号1040 库位号4 托盘ID4
[2019/10/17 12:04:34] 一般信息:向AGV发送指令：头10003 任务号1026 取货点29 卸货点0 急停信号0
[2019/10/17 12:04:34] 一般信息:AGV已收到消息
[2019/10/17 12:04:34] 一般信息:向立库发送指令：头20003 流水号1040 库位号4 托盘ID4
[2019/10/17 12:04:37] 一般信息:向立库发送指令：头20003 流水号1040 库位号4 托盘ID4
[2019/10/17 12:04:38] 一般信息:已收到入库指令
[2019/10/17 12:05:34] 一般信息:立库出库区处取货完毕
[2019/10/17 12:07:24] 一般信息:已入库
[2019/10/17 12:07:53] 一般信息:检测区1处卸货完毕
[2019/10/17 12:18:26] 一般信息:向AGV发送指令：头10003 任务号1027 取货点0 卸货点32 急停信号0
[2019/10/17 12:18:26] 一般信息:AGV已收到消息
[2019/10/17 12:19:03] 一般信息:检测区1处取货完毕
[2019/10/17 12:19:03] 一般信息:向AGV发送指令：头10012 任务号0 取货点0 卸货点0 急停信号6
[2019/10/17 12:21:28] 一般信息:立库入库区处卸货完毕
[2019/10/17 12:21:32] 一般信息:向立库发送指令：头20003 流水号1041 库位号7 托盘ID4
[2019/10/17 12:21:32] 一般信息:已收到入库指令
[2019/10/17 12:23:40] 一般信息:已入库
[2019/10/17 12:23:44] 一般信息:所有订单执行完毕
[2019/10/17 12:27:16] 一般信息:下轴承压装订单2
[2019/10/17 12:27:46] 一般信息:重置按钮被按下
[2019/10/17 12:27:49] 一般信息:下轴承压装订单2
[2019/10/17 12:29:05] 一般信息:重置按钮被按下
[2019/10/17 12:30:24] 一般信息:下轴承压装订单2
[2019/10/17 12:30:27] 一般信息:向立库插入轴承压装订单
[2019/10/17 12:30:29] 一般信息:向立库发送指令：头10003 流水号1042 库位号3 托盘ID5
[2019/10/17 12:30:29] 一般信息:已收到出库指令
[2019/10/17 12:32:57] 一般信息:已出库
[2019/10/17 12:33:02] 一般信息:向AGV发送指令：头10003 任务号1028 取货点29 卸货点13 急停信号0
[2019/10/17 12:33:03] 一般信息:AGV已收到消息
[2019/10/17 12:35:01] 一般信息:立库出库区处取货完毕
[2019/10/17 12:36:39] 一般信息:轴承压装处卸货完毕
[2019/10/17 12:39:45] 一般信息:向AGV发送指令：头10003 任务号1029 取货点13 卸货点32 急停信号0
[2019/10/17 12:39:45] 一般信息:AGV已收到消息
[2019/10/17 12:40:48] 一般信息:轴承压装处取货完毕
[2019/10/17 12:40:48] 一般信息:向AGV发送指令：头10012 任务号0 取货点0 卸货点0 急停信号6
[2019/10/17 12:42:32] 一般信息:立库入库区处卸货完毕
[2019/10/17 12:42:36] 一般信息:向立库发送指令：头20003 流水号1043 库位号3 托盘ID6
[2019/10/17 12:42:36] 一般信息:已收到入库指令
[2019/10/17 12:45:07] 一般信息:已入库
[2019/10/17 12:58:01] 警告:立库连接断开
[2019/10/17 13:02:03] 一般信息:重置按钮被按下
[2019/10/17 13:03:16] 一般信息:已关闭服务器
[2019/10/17 13:03:16] 警告:加工区PLC断开连接
[2019/10/17 13:03:16] 警告:装配区PLC断开连接
[2019/10/17 13:03:16] 警告:检测区PLC断开连接
[2019/10/17 13:03:19] 警告:AGV连接断开
[2019/10/17 13:03:19] 一般信息:窗口关闭
[2019/10/17 13:12:57] 一般信息:成功启动服务器
[2019/10/17 13:12:57] 一般信息:窗口加载成功
[2019/10/17 13:12:58] 一般信息:加工区PLC连接成功
[2019/10/17 13:12:58] 一般信息:装配区PLC连接成功
[2019/10/17 13:12:58] 一般信息:检测区PLC连接成功
[2019/10/17 13:14:06] 一般信息:下轴承压装订单2
[2019/10/17 13:14:07] 一般信息:立库连接成功
[2019/10/17 13:14:12] 警告:立库连接断开
[2019/10/17 13:14:13] 一般信息:立库连接成功
[2019/10/17 13:14:15] 一般信息:AGV连接成功
[2019/10/17 13:14:38] 一般信息:重置按钮被按下
[2019/10/17 13:15:15] 一般信息:下轴承压装订单2
[2019/10/17 13:15:30] 一般信息:向立库插入轴承压装订单
[2019/10/17 13:15:31] 一般信息:向立库发送指令：头10003 流水号1044 库位号3 托盘ID5
[2019/10/17 13:15:31] 一般信息:已收到出库指令
[2019/10/17 13:15:46] 警告:立库连接断开
[2019/10/17 13:16:09] 一般信息:重置按钮被按下
[2019/10/17 13:19:03] 一般信息:下轴承压装订单2
[2019/10/17 13:19:13] 一般信息:立库连接成功
[2019/10/17 13:19:17] 警告:立库连接断开
[2019/10/17 13:19:19] 一般信息:立库连接成功
[2019/10/17 13:19:21] 一般信息:向立库插入轴承压装订单
[2019/10/17 13:19:22] 一般信息:向立库发送指令：头10003 流水号1044 库位号3 托盘ID5
[2019/10/17 13:19:22] 一般信息:已收到出库指令
[2019/10/17 13:21:56] 一般信息:已出库
[2019/10/17 13:22:03] 一般信息:向AGV发送指令：头10003 任务号1030 取货点29 卸货点13 急停信号0
[2019/10/17 13:22:03] 一般信息:AGV已收到消息
[2019/10/17 13:24:01] 一般信息:立库出库区处取货完毕
[2019/10/17 13:25:40] 一般信息:轴承压装处卸货完毕
[2019/10/17 13:28:54] 一般信息:向AGV发送指令：头10003 任务号1031 取货点13 卸货点32 急停信号0
[2019/10/17 13:28:54] 一般信息:AGV已收到消息
[2019/10/17 13:29:58] 一般信息:轴承压装处取货完毕
[2019/10/17 13:29:58] 一般信息:向AGV发送指令：头10012 任务号0 取货点0 卸货点0 急停信号6
[2019/10/17 13:31:42] 一般信息:立库入库区处卸货完毕
[2019/10/17 13:31:49] 一般信息:向立库发送指令：头20003 流水号1045 库位号3 托盘ID6
[2019/10/17 13:31:49] 一般信息:已收到入库指令
[2019/10/17 13:34:16] 一般信息:已入库
[2019/10/17 13:35:44] 警告:立库连接断开
[2019/10/17 13:44:46] 一般信息:已关闭服务器
[2019/10/17 13:44:46] 警告:装配区PLC断开连接
[2019/10/17 13:44:46] 警告:检测区PLC断开连接
[2019/10/17 13:44:46] 警告:加工区PLC断开连接
[2019/10/17 13:44:49] 警告:AGV连接断开
[2019/10/17 13:44:49] 一般信息:窗口关闭
[2019/10/17 14:03:25] 一般信息:成功启动服务器
[2019/10/17 14:03:25] 一般信息:窗口加载成功
[2019/10/17 14:03:25] 一般信息:加工区PLC连接成功
[2019/10/17 14:03:26] 一般信息:装配区PLC连接成功
[2019/10/17 14:03:26] 一般信息:检测区PLC连接成功
[2019/10/17 14:03:31] 一般信息:重置按钮被按下
[2019/10/17 14:03:58] 一般信息:下轴承压装订单2
[2019/10/17 14:03:59] 一般信息:立库连接成功
[2019/10/17 14:04:03] 警告:立库连接断开
[2019/10/17 14:04:05] 一般信息:立库连接成功
[2019/10/17 14:04:06] 一般信息:AGV连接成功
[2019/10/17 14:04:18] 一般信息:重置按钮被按下
[2019/10/17 14:04:47] 一般信息:下轴承压装订单2
[2019/10/17 14:04:48] 一般信息:向立库插入轴承压装订单
[2019/10/17 14:04:50] 一般信息:向立库发送指令：头10003 流水号1046 库位号3 托盘ID5
[2019/10/17 14:04:50] 一般信息:已收到出库指令
[2019/10/17 14:07:15] 一般信息:已出库
[2019/10/17 14:07:21] 一般信息:向AGV发送指令：头10003 任务号1032 取货点29 卸货点13 急停信号0
[2019/10/17 14:07:21] 一般信息:AGV已收到消息
[2019/10/17 14:13:27] 一般信息:立库出库区处取货完毕
[2019/10/17 14:15:05] 一般信息:轴承压装处卸货完毕
[2019/10/17 14:18:09] 一般信息:向AGV发送指令：头10003 任务号1033 取货点13 卸货点32 急停信号0
[2019/10/17 14:18:09] 一般信息:AGV已收到消息
[2019/10/17 14:19:13] 一般信息:轴承压装处取货完毕
[2019/10/17 14:19:13] 一般信息:向AGV发送指令：头10012 任务号0 取货点0 卸货点0 急停信号6
[2019/10/17 14:20:56] 一般信息:立库入库区处卸货完毕
[2019/10/17 14:21:03] 一般信息:向立库发送指令：头20003 流水号1047 库位号3 托盘ID6
[2019/10/17 14:21:03] 一般信息:已收到入库指令
[2019/10/17 14:23:20] 一般信息:已入库
[2019/10/17 14:23:27] 一般信息:向立库发送指令：头10003 流水号1048 库位号16 托盘ID5
[2019/10/17 14:23:27] 一般信息:已收到出库指令
[2019/10/17 14:26:52] 一般信息:已出库
[2019/10/17 14:26:58] 一般信息:向AGV发送指令：头10003 任务号1034 取货点29 卸货点13 急停信号0
[2019/10/17 14:26:58] 一般信息:AGV已收到消息
[2019/10/17 14:28:56] 一般信息:立库出库区处取货完毕
[2019/10/17 14:30:34] 一般信息:轴承压装处卸货完毕
[2019/10/17 14:33:40] 一般信息:向AGV发送指令：头10003 任务号1035 取货点13 卸货点32 急停信号0
[2019/10/17 14:33:40] 一般信息:AGV已收到消息
[2019/10/17 14:34:44] 一般信息:轴承压装处取货完毕
[2019/10/17 14:34:44] 一般信息:向AGV发送指令：头10012 任务号0 取货点0 卸货点0 急停信号6
[2019/10/17 14:36:27] 一般信息:立库入库区处卸货完毕
[2019/10/17 14:36:34] 一般信息:向立库发送指令：头20003 流水号1049 库位号16 托盘ID6
[2019/10/17 14:36:34] 一般信息:已收到入库指令
[2019/10/17 14:39:41] 一般信息:已入库
[2019/10/17 14:39:45] 一般信息:所有订单执行完毕
[2019/10/17 14:39:48] 一般信息:已关闭服务器
[2019/10/17 14:39:48] 警告:装配区PLC断开连接
[2019/10/17 14:39:48] 警告:加工区PLC断开连接
[2019/10/17 14:39:48] 警告:检测区PLC断开连接
[2019/10/17 14:39:51] 警告:立库连接断开
[2019/10/17 14:39:54] 警告:AGV连接断开
[2019/10/17 14:39:54] 一般信息:窗口关闭
[2019/10/17 14:58:12] 一般信息:成功启动服务器
[2019/10/17 14:58:12] 一般信息:窗口加载成功
[2019/10/17 14:58:12] 一般信息:检测区PLC连接成功
[2019/10/17 14:58:13] 一般信息:加工区PLC连接成功
[2019/10/17 14:58:14] 一般信息:装配区PLC连接成功
[2019/10/17 15:07:38] 一般信息:下加工订单1
[2019/10/17 15:07:45] 一般信息:重置按钮被按下
[2019/10/17 15:07:47] 一般信息:立库连接成功
[2019/10/17 15:07:51] 警告:立库连接断开
[2019/10/17 15:07:53] 一般信息:立库连接成功
[2019/10/17 15:07:53] 一般信息:立库连接成功
[2019/10/17 15:07:56] 警告:立库连接断开
[2019/10/17 15:07:57] 警告:立库连接断开
[2019/10/17 15:07:59] 警告:立库连接断开
[2019/10/17 15:07:59] 一般信息:立库连接成功
[2019/10/17 15:07:59] 一般信息:AGV连接成功
[2019/10/17 15:08:02] 警告:AGV连接断开
[2019/10/17 15:08:04] 一般信息:AGV连接成功
[2019/10/17 15:08:28] 一般信息:下加工订单1
[2019/10/17 15:08:29] 一般信息:向立库插入加工订单
[2019/10/17 15:08:32] 一般信息:向立库发送指令：头30003 流水号1050 库位号5 托盘ID2
[2019/10/17 15:08:32] 一般信息:已收到侧边出库命令
[2019/10/17 15:08:41] 一般信息:下检测订单1
[2019/10/17 15:08:42] 一般信息:向立库插入检测订单
[2019/10/17 15:08:49] 一般信息:下轴承压装订单1
[2019/10/17 15:08:50] 一般信息:向立库插入轴承压装订单
[2019/10/17 15:11:52] 一般信息:已侧边出库
[2019/10/17 15:11:53] 一般信息:向立库发送指令：头10003 流水号1051 库位号1 托盘ID1
[2019/10/17 15:11:56] 一般信息:向立库发送指令：头10003 流水号1051 库位号1 托盘ID1
[2019/10/17 15:11:59] 一般信息:向立库发送指令：头10003 流水号1051 库位号1 托盘ID1
[2019/10/17 15:11:59] 一般信息:已收到出库指令
[2019/10/17 15:12:19] 一般信息:向立库发送指令：头29000 流水号0 库位号0 托盘ID0
[2019/10/17 15:12:19] 一般信息:写码完成
[2019/10/17 15:12:19] 一般信息:向AGV发送指令：头10003 任务号1036 取货点34 卸货点32 急停信号0
[2019/10/17 15:12:19] 一般信息:AGV已收到消息
[2019/10/17 15:13:41] 一般信息:已出库
[2019/10/17 15:13:44] 一般信息:向立库发送指令：头10003 流水号1052 库位号4 托盘ID3
[2019/10/17 15:13:47] 一般信息:向立库发送指令：头10003 流水号1052 库位号4 托盘ID3
[2019/10/17 15:13:47] 一般信息:已收到出库指令
[2019/10/17 15:14:23] 一般信息:侧边出库区处取货完毕
[2019/10/17 15:14:23] 一般信息:向AGV发送指令：头10012 任务号0 取货点0 卸货点0 急停信号6
[2019/10/17 15:15:14] 一般信息:立库入库区处卸货完毕
[2019/10/17 15:15:16] 一般信息:向AGV发送指令：头10003 任务号1037 取货点29 卸货点25 急停信号0
[2019/10/17 15:15:16] 一般信息:AGV已收到消息
[2019/10/17 15:15:57] 一般信息:立库出库区处取货完毕
[2019/10/17 15:16:16] 一般信息:已出库
[2019/10/17 15:16:17] 一般信息:向立库发送指令：头10003 流水号1053 库位号3 托盘ID5
[2019/10/17 15:16:20] 一般信息:向立库发送指令：头10003 流水号1053 库位号3 托盘ID5
[2019/10/17 15:16:23] 一般信息:向立库发送指令：头10003 流水号1053 库位号3 托盘ID5
[2019/10/17 15:16:23] 一般信息:已收到出库指令
[2019/10/17 15:16:47] 一般信息:加工区1处卸货完毕
[2019/10/17 15:16:49] 一般信息:向AGV发送指令：头10003 任务号1038 取货点29 卸货点0 急停信号0
[2019/10/17 15:16:49] 一般信息:AGV已收到消息
[2019/10/17 15:17:49] 一般信息:立库出库区处取货完毕
[2019/10/17 15:18:25] 一般信息:已出库
[2019/10/17 15:18:26] 一般信息:向立库发送指令：头20003 流水号1054 库位号1 托盘ID1
[2019/10/17 15:18:29] 一般信息:向立库发送指令：头20003 流水号1054 库位号1 托盘ID1
[2019/10/17 15:18:32] 一般信息:向立库发送指令：头20003 流水号1054 库位号1 托盘ID1
[2019/10/17 15:18:32] 一般信息:已收到入库指令
[2019/10/17 15:20:06] 一般信息:已入库
[2019/10/17 15:20:09] 一般信息:检测区1处卸货完毕
[2019/10/17 15:20:10] 一般信息:向AGV发送指令：头10003 任务号1039 取货点29 卸货点13 急停信号0
[2019/10/17 15:20:10] 一般信息:AGV已收到消息
[2019/10/17 15:22:18] 一般信息:立库出库区处取货完毕
[2019/10/17 15:23:56] 一般信息:轴承压装处卸货完毕
[2019/10/17 15:23:58] 一般信息:向AGV发送指令：头10003 任务号1040 取货点25 卸货点32 急停信号0
[2019/10/17 15:23:58] 一般信息:AGV已收到消息
[2019/10/17 15:25:27] 一般信息:加工区1处取货完毕
[2019/10/17 15:25:27] 一般信息:向AGV发送指令：头10012 任务号0 取货点0 卸货点0 急停信号6
[2019/10/17 15:26:22] 一般信息:立库入库区处卸货完毕
[2019/10/17 15:26:29] 一般信息:向立库发送指令：头20003 流水号1055 库位号3 托盘ID3
[2019/10/17 15:26:29] 一般信息:已收到入库指令
[2019/10/17 15:26:58] 一般信息:向AGV发送指令：头10003 任务号1041 取货点13 卸货点32 急停信号0
[2019/10/17 15:26:58] 一般信息:AGV已收到消息
[2019/10/17 15:27:57] 一般信息:轴承压装处取货完毕
[2019/10/17 15:27:57] 一般信息:向AGV发送指令：头10012 任务号0 取货点0 卸货点0 急停信号6
[2019/10/17 15:28:32] 一般信息:已入库
[2019/10/17 15:29:41] 一般信息:立库入库区处卸货完毕
[2019/10/17 15:29:47] 一般信息:向立库发送指令：头20003 流水号1056 库位号4 托盘ID6
[2019/10/17 15:29:47] 一般信息:已收到入库指令
[2019/10/17 15:30:43] 一般信息:向AGV发送指令：头10003 任务号1042 取货点0 卸货点32 急停信号0
[2019/10/17 15:30:43] 一般信息:AGV已收到消息
[2019/10/17 15:31:48] 一般信息:检测区1处取货完毕
[2019/10/17 15:31:48] 一般信息:向AGV发送指令：头10012 任务号0 取货点0 卸货点0 急停信号6
[2019/10/17 15:31:57] 一般信息:已入库
[2019/10/17 15:34:04] 一般信息:下加工订单1
[2019/10/17 15:34:05] 一般信息:向立库插入加工订单
[2019/10/17 15:34:06] 一般信息:向立库发送指令：头30003 流水号1057 库位号8 托盘ID2
[2019/10/17 15:34:06] 一般信息:已收到侧边出库命令
[2019/10/17 15:34:14] 一般信息:立库入库区处卸货完毕
[2019/10/17 15:34:19] 一般信息:下轴承压装订单1
[2019/10/17 15:34:20] 一般信息:向立库插入轴承压装订单
[2019/10/17 15:37:12] 一般信息:已侧边出库
[2019/10/17 15:37:15] 一般信息:向立库发送指令：头10003 流水号1058 库位号1 托盘ID1
[2019/10/17 15:37:18] 一般信息:向立库发送指令：头10003 流水号1058 库位号1 托盘ID1
[2019/10/17 15:37:18] 一般信息:已收到出库指令
[2019/10/17 15:39:01] 一般信息:已出库
[2019/10/17 15:39:03] 一般信息:向立库发送指令：头20003 流水号1059 库位号5 托盘ID4
[2019/10/17 15:39:06] 一般信息:向立库发送指令：头20003 流水号1059 库位号5 托盘ID4
[2019/10/17 15:39:08] 一般信息:向AGV发送指令：头10003 任务号1043 取货点29 卸货点25 急停信号0
[2019/10/17 15:39:08] 一般信息:AGV已收到消息
[2019/10/17 15:39:09] 一般信息:向立库发送指令：头20003 流水号1059 库位号5 托盘ID4
[2019/10/17 15:39:09] 一般信息:已收到入库指令
[2019/10/17 15:41:06] 一般信息:立库出库区处取货完毕
[2019/10/17 15:41:43] 一般信息:已入库
[2019/10/17 15:41:45] 一般信息:向立库发送指令：头10003 流水号1060 库位号16 托盘ID5
[2019/10/17 15:41:48] 一般信息:向立库发送指令：头10003 流水号1060 库位号16 托盘ID5
[2019/10/17 15:41:51] 一般信息:向立库发送指令：头10003 流水号1060 库位号16 托盘ID5
[2019/10/17 15:41:51] 一般信息:已收到出库指令
[2019/10/17 15:41:54] 一般信息:下检测订单1
[2019/10/17 15:41:55] 一般信息:向立库插入检测订单
[2019/10/17 15:41:56] 一般信息:加工区1处卸货完毕
[2019/10/17 15:43:37] 一般信息:向立库发送指令：头29000 流水号0 库位号0 托盘ID0
[2019/10/17 15:43:37] 一般信息:写码完成
[2019/10/17 15:43:38] 一般信息:向AGV发送指令：头10003 任务号1044 取货点34 卸货点32 急停信号0
[2019/10/17 15:43:38] 一般信息:AGV已收到消息
[2019/10/17 15:45:14] 一般信息:已出库
[2019/10/17 15:45:15] 一般信息:向立库发送指令：头10003 流水号1061 库位号3 托盘ID3
[2019/10/17 15:45:18] 一般信息:向立库发送指令：头10003 流水号1061 库位号3 托盘ID3
[2019/10/17 15:45:21] 一般信息:向立库发送指令：头10003 流水号1061 库位号3 托盘ID3
[2019/10/17 15:45:21] 一般信息:已收到出库指令
[2019/10/17 15:45:38] 一般信息:侧边出库区处取货完毕
[2019/10/17 15:45:38] 一般信息:向AGV发送指令：头10012 任务号0 取货点0 卸货点0 急停信号6
[2019/10/17 15:46:30] 一般信息:立库入库区处卸货完毕
[2019/10/17 15:46:32] 一般信息:向AGV发送指令：头10003 任务号1045 取货点29 卸货点13 急停信号0
[2019/10/17 15:46:32] 一般信息:AGV已收到消息
[2019/10/17 15:47:12] 一般信息:立库出库区处取货完毕
[2019/10/17 15:47:30] 一般信息:已出库
[2019/10/17 15:47:33] 一般信息:向立库发送指令：头10003 流水号1062 库位号7 托盘ID3
[2019/10/17 15:47:36] 一般信息:向立库发送指令：头10003 流水号1062 库位号7 托盘ID3
[2019/10/17 15:47:36] 一般信息:已收到出库指令
[2019/10/17 15:48:49] 一般信息:轴承压装处卸货完毕
[2019/10/17 15:48:50] 一般信息:向AGV发送指令：头10003 任务号1046 取货点29 卸货点0 急停信号0
[2019/10/17 15:48:50] 一般信息:AGV已收到消息
[2019/10/17 15:50:33] 一般信息:立库出库区处取货完毕
[2019/10/17 15:50:46] 一般信息:已出库
[2019/10/17 15:50:48] 一般信息:向立库发送指令：头20003 流水号1063 库位号1 托盘ID1
[2019/10/17 15:50:51] 一般信息:向立库发送指令：头20003 流水号1063 库位号1 托盘ID1
[2019/10/17 15:50:54] 一般信息:向立库发送指令：头20003 流水号1063 库位号1 托盘ID1
[2019/10/17 15:50:54] 一般信息:已收到入库指令
[2019/10/17 15:52:29] 一般信息:已入库
[2019/10/17 15:52:53] 一般信息:检测区1处卸货完毕
[2019/10/17 15:52:53] 一般信息:向AGV发送指令：头10003 任务号1047 取货点29 卸货点0 急停信号0
[2019/10/17 15:52:53] 一般信息:AGV已收到消息
[2019/10/17 15:54:50] 一般信息:立库出库区处取货完毕
[2019/10/17 15:57:33] 一般信息:已关闭服务器
[2019/10/17 15:57:33] 警告:装配区PLC断开连接
[2019/10/17 15:57:33] 警告:加工区PLC断开连接
[2019/10/17 15:57:33] 警告:检测区PLC断开连接
[2019/10/17 15:57:36] 警告:立库连接断开
[2019/10/17 15:57:39] 警告:AGV连接断开
[2019/10/17 15:57:39] 一般信息:窗口关闭
