[2019/10/21 8:55:37] 一般信息:成功启动服务器
[2019/10/21 8:55:38] 一般信息:加工区PLC连接成功
[2019/10/21 8:55:38] 一般信息:窗口加载成功
[2019/10/21 8:56:14] 一般信息:已关闭服务器
[2019/10/21 8:56:14] 警告:加工区PLC断开连接
[2019/10/21 8:56:15] 一般信息:窗口关闭
[2019/10/21 8:56:18] 一般信息:成功启动服务器
[2019/10/21 8:56:18] 一般信息:窗口加载成功
[2019/10/21 8:56:19] 一般信息:加工区PLC连接成功
[2019/10/21 8:56:26] 一般信息:已关闭服务器
[2019/10/21 8:56:26] 警告:加工区PLC断开连接
[2019/10/21 8:56:26] 一般信息:窗口关闭
[2019/10/21 8:57:22] 一般信息:成功启动服务器
[2019/10/21 8:57:23] 一般信息:窗口加载成功
[2019/10/21 8:57:24] 一般信息:加工区PLC连接成功
[2019/10/21 8:57:32] 一般信息:已关闭服务器
[2019/10/21 8:57:32] 警告:加工区PLC断开连接
[2019/10/21 8:57:32] 一般信息:窗口关闭
[2019/10/21 8:58:46] 一般信息:成功启动服务器
[2019/10/21 8:58:46] 一般信息:窗口加载成功
[2019/10/21 8:58:46] 一般信息:加工区PLC连接成功
[2019/10/21 8:58:52] 一般信息:已关闭服务器
[2019/10/21 8:58:52] 警告:加工区PLC断开连接
[2019/10/21 8:58:52] 一般信息:窗口关闭
[2019/10/21 9:01:18] 一般信息:成功启动服务器
[2019/10/21 9:01:18] 一般信息:窗口加载成功
[2019/10/21 9:01:19] 一般信息:加工区PLC连接成功
[2019/10/21 9:01:26] 一般信息:已关闭服务器
[2019/10/21 9:01:26] 警告:加工区PLC断开连接
[2019/10/21 9:01:26] 一般信息:窗口关闭
[2019/10/21 9:02:00] 一般信息:成功启动服务器
[2019/10/21 9:02:00] 一般信息:窗口加载成功
[2019/10/21 9:02:01] 一般信息:加工区PLC连接成功
[2019/10/21 9:02:03] 一般信息:已关闭服务器
[2019/10/21 9:02:03] 警告:加工区PLC断开连接
[2019/10/21 9:02:03] 一般信息:窗口关闭
[2019/10/21 9:05:52] 一般信息:成功启动服务器
[2019/10/21 9:05:52] 一般信息:窗口加载成功
[2019/10/21 9:05:52] 一般信息:加工区PLC连接成功
[2019/10/21 9:06:22] 一般信息:已关闭服务器
[2019/10/21 9:06:22] 警告:加工区PLC断开连接
[2019/10/21 9:06:22] 一般信息:窗口关闭
[2019/10/21 9:06:56] 一般信息:成功启动服务器
[2019/10/21 9:06:56] 一般信息:窗口加载成功
[2019/10/21 9:06:56] 一般信息:加工区PLC连接成功
[2019/10/21 9:07:15] 一般信息:已关闭服务器
[2019/10/21 9:07:15] 警告:加工区PLC断开连接
[2019/10/21 9:07:15] 一般信息:窗口关闭
[2019/10/21 9:07:31] 一般信息:成功启动服务器
[2019/10/21 9:07:31] 一般信息:窗口加载成功
[2019/10/21 9:07:31] 一般信息:加工区PLC连接成功
[2019/10/21 9:07:42] 一般信息:已关闭服务器
[2019/10/21 9:07:42] 警告:加工区PLC断开连接
[2019/10/21 9:07:42] 一般信息:窗口关闭
[2019/10/21 9:08:31] 一般信息:成功启动服务器
[2019/10/21 9:08:31] 一般信息:窗口加载成功
[2019/10/21 9:08:32] 一般信息:加工区PLC连接成功
[2019/10/21 9:08:34] 一般信息:已关闭服务器
[2019/10/21 9:08:34] 警告:加工区PLC断开连接
[2019/10/21 9:08:34] 一般信息:窗口关闭
[2019/10/21 9:08:50] 一般信息:成功启动服务器
[2019/10/21 9:08:50] 一般信息:窗口加载成功
[2019/10/21 9:08:51] 一般信息:加工区PLC连接成功
[2019/10/21 9:09:07] 一般信息:已关闭服务器
[2019/10/21 9:09:07] 警告:加工区PLC断开连接
[2019/10/21 9:09:07] 一般信息:窗口关闭
[2019/10/21 9:09:24] 一般信息:成功启动服务器
[2019/10/21 9:09:24] 一般信息:窗口加载成功
[2019/10/21 9:09:25] 一般信息:加工区PLC连接成功
[2019/10/21 9:09:47] 一般信息:已关闭服务器
[2019/10/21 9:09:47] 警告:加工区PLC断开连接
[2019/10/21 9:09:47] 一般信息:窗口关闭
[2019/10/21 9:27:46] 一般信息:成功启动服务器
[2019/10/21 9:27:46] 一般信息:窗口加载成功
[2019/10/21 9:27:50] 一般信息:已关闭服务器
[2019/10/21 9:27:50] 一般信息:窗口关闭
[2019/10/21 9:28:23] 一般信息:成功启动服务器
[2019/10/21 9:28:23] 一般信息:窗口加载成功
[2019/10/21 9:30:52] 一般信息:已关闭服务器
[2019/10/21 9:30:52] 一般信息:窗口关闭
[2019/10/21 11:42:00] 一般信息:成功启动服务器
[2019/10/21 11:42:00] 一般信息:窗口加载成功
[2019/10/21 11:42:57] 一般信息:已关闭服务器
[2019/10/21 11:42:58] 一般信息:窗口关闭
[2019/10/21 11:50:53] 一般信息:成功启动服务器
[2019/10/21 11:50:53] 一般信息:窗口加载成功
[2019/10/21 11:51:12] 一般信息:已关闭服务器
[2019/10/21 11:51:12] 一般信息:窗口关闭
[2019/10/21 11:51:25] 一般信息:成功启动服务器
[2019/10/21 11:51:25] 一般信息:窗口加载成功
[2019/10/21 11:51:34] 一般信息:已关闭服务器
[2019/10/21 11:51:34] 一般信息:窗口关闭
[2019/10/21 11:52:22] 一般信息:成功启动服务器
[2019/10/21 11:52:22] 一般信息:窗口加载成功
[2019/10/21 11:52:31] 一般信息:已关闭服务器
[2019/10/21 11:52:31] 一般信息:窗口关闭
[2019/10/21 12:45:28] 一般信息:成功启动服务器
[2019/10/21 12:45:28] 一般信息:窗口加载成功
[2019/10/21 12:45:35] 一般信息:已关闭服务器
[2019/10/21 12:45:35] 一般信息:窗口关闭
[2019/10/21 12:47:30] 一般信息:成功启动服务器
[2019/10/21 12:47:30] 一般信息:窗口加载成功
[2019/10/21 12:47:32] 一般信息:已关闭服务器
[2019/10/21 12:47:32] 一般信息:窗口关闭
[2019/10/21 13:35:36] 一般信息:成功启动服务器
[2019/10/21 13:35:36] 一般信息:窗口加载成功
[2019/10/21 13:35:53] 一般信息:已关闭服务器
[2019/10/21 13:35:53] 一般信息:窗口关闭
[2019/10/21 13:37:21] 一般信息:成功启动服务器
[2019/10/21 13:37:21] 一般信息:窗口加载成功
[2019/10/21 13:38:05] 一般信息:已关闭服务器
[2019/10/21 13:38:05] 一般信息:窗口关闭
[2019/10/21 13:40:11] 一般信息:成功启动服务器
[2019/10/21 13:40:11] 一般信息:窗口加载成功
[2019/10/21 13:40:28] 一般信息:已关闭服务器
[2019/10/21 13:40:28] 一般信息:窗口关闭
[2019/10/21 13:40:59] 一般信息:成功启动服务器
[2019/10/21 13:40:59] 一般信息:窗口加载成功
[2019/10/21 13:41:19] 一般信息:已关闭服务器
[2019/10/21 13:41:19] 一般信息:窗口关闭
[2019/10/21 13:41:43] 一般信息:成功启动服务器
[2019/10/21 13:41:43] 一般信息:窗口加载成功
[2019/10/21 13:42:10] 一般信息:已关闭服务器
[2019/10/21 13:42:10] 一般信息:窗口关闭
[2019/10/21 13:42:48] 一般信息:成功启动服务器
[2019/10/21 13:42:48] 一般信息:窗口加载成功
[2019/10/21 13:42:52] 一般信息:已关闭服务器
[2019/10/21 13:42:52] 一般信息:窗口关闭
[2019/10/21 13:49:54] 一般信息:成功启动服务器
[2019/10/21 13:49:54] 一般信息:窗口加载成功
[2019/10/21 13:55:06] 一般信息:已关闭服务器
[2019/10/21 13:55:06] 一般信息:窗口关闭
[2019/10/21 16:15:48] 一般信息:成功启动服务器
[2019/10/21 16:15:48] 一般信息:窗口加载成功
[2019/10/21 16:16:11] 一般信息:已关闭服务器
[2019/10/21 16:16:11] 一般信息:窗口关闭
